2020-02-25 06:46:24 ERROR App:18 - CONSTRUCTION COST PER SQ FEET
2020-02-25 06:46:24 ERROR App:19 - SELECT THE MATERIAL TYPE
2020-02-25 06:46:24 ERROR App:20 - 
1.STANDARD
2.ABOVE STANDARD
3.HIGH STANDARD
4.HIGH STANDARD AND FULLY AUTOMATED HOME
2020-02-25 06:46:37 ERROR App:22 - ENTER THE AREA IN SQ FEET
2020-02-25 06:46:42 ERROR App:25 - The cost would be: 2221200INR
2020-02-25 06:47:17 INFO  App:18 - CONSTRUCTION COST PER SQ FEET
2020-02-25 06:47:17 INFO  App:19 - SELECT THE MATERIAL TYPE
2020-02-25 06:47:17 INFO  App:20 - 
1.STANDARD
2.ABOVE STANDARD
3.HIGH STANDARD
4.HIGH STANDARD AND FULLY AUTOMATED HOME
2020-02-25 06:47:22 INFO  App:22 - ENTER THE AREA IN SQ FEET
2020-02-25 06:47:24 INFO  App:25 - The cost would be: 221400INR
2020-02-25 18:32:58 INFO  App:18 - CONSTRUCTION COST PER SQ FEET
2020-02-25 18:32:58 INFO  App:18 - CONSTRUCTION COST PER SQ FEET
2020-02-25 18:32:59 INFO  App:19 - SELECT THE MATERIAL TYPE
2020-02-25 18:32:59 INFO  App:20 - 
1.STANDARD
2.ABOVE STANDARD
3.HIGH STANDARD
4.HIGH STANDARD AND FULLY AUTOMATED HOME
2020-02-25 18:32:59 INFO  App:19 - SELECT THE MATERIAL TYPE
2020-02-25 18:32:59 INFO  App:20 - 
1.STANDARD
2.ABOVE STANDARD
3.HIGH STANDARD
4.HIGH STANDARD AND FULLY AUTOMATED HOME
2020-02-25 18:33:15 INFO  App:22 - ENTER THE AREA IN SQ FEET
2020-02-25 18:33:18 INFO  App:25 - The cost would be: 147600 INR
