2020-02-25 06:22:25 ERROR App:20 - PROGRAM TO FIND SIMPLE AND COMPOUND INTEREST
2020-02-25 06:22:25 ERROR App:21 - ENTER PRINCIPLE AMOUNT
2020-02-25 06:22:32 ERROR App:23 - ENTER RATE OF INTEREST
2020-02-25 06:22:34 ERROR App:25 - ENTER TIME PERIOD
2020-02-25 06:28:31 ERROR App:20 - PROGRAM TO FIND SIMPLE AND COMPOUND INTEREST
2020-02-25 06:28:31 ERROR App:21 - ENTER PRINCIPLE AMOUNT
2020-02-25 06:28:35 ERROR App:23 - ENTER RATE OF INTEREST
2020-02-25 06:28:35 ERROR App:25 - ENTER TIME PERIOD
2020-02-25 06:42:06 ERROR App:17 - PROGRAM TO FIND SIMPLE AND COMPOUND INTEREST
2020-02-25 06:42:06 ERROR App:18 - ENTER PRINCIPLE AMOUNT
2020-02-25 06:42:23 ERROR App:17 - PROGRAM TO FIND SIMPLE AND COMPOUND INTEREST
2020-02-25 06:42:23 ERROR App:18 - ENTER PRINCIPLE AMOUNT
2020-02-25 06:42:49 ERROR App:17 - PROGRAM TO FIND SIMPLE AND COMPOUND INTEREST
2020-02-25 06:42:49 ERROR App:18 - ENTER PRINCIPLE AMOUNT
2020-02-25 06:42:55 ERROR App:20 - ENTER RATE OF INTEREST
2020-02-25 06:42:56 ERROR App:22 - ENTER TIME PERIOD
2020-02-25 06:42:57 ERROR App:28 - 1.SIMPLE INTEREST
2.COMPOUND INTEREST
3.EXIT
2020-02-25 06:43:00 ERROR App:33 - SIMPLE INTEREST IS: %.4f

2020-02-25 06:43:00 ERROR App:28 - 1.SIMPLE INTEREST
2.COMPOUND INTEREST
3.EXIT
2020-02-25 06:44:17 ERROR App:17 - PROGRAM TO FIND SIMPLE AND COMPOUND INTEREST
2020-02-25 06:44:17 ERROR App:18 - ENTER PRINCIPLE AMOUNT
2020-02-25 06:44:20 ERROR App:20 - ENTER RATE OF INTEREST
2020-02-25 06:44:21 ERROR App:22 - ENTER TIME PERIOD
2020-02-25 06:44:26 ERROR App:39 - Successfully Exited
2020-02-25 06:45:00 ERROR App:17 - PROGRAM TO FIND SIMPLE AND COMPOUND INTEREST
2020-02-25 06:45:00 ERROR App:18 - ENTER PRINCIPLE AMOUNT
2020-02-25 06:45:03 ERROR App:20 - ENTER RATE OF INTEREST
2020-02-25 06:45:04 ERROR App:22 - ENTER TIME PERIOD
2020-02-25 06:45:05 ERROR App:28 - 
1.SIMPLE INTEREST
2.COMPOUND INTEREST
3.EXIT
2020-02-25 06:45:11 ERROR App:39 - Successfully Exited
